Using pre-set license
Built from '2020.3/staging' branch; Version is '2020.3.11f1 (99c7afb366b3) revision 10078127'; Using compiler version '192528614'; Build Type 'Release'
OS: 'Windows 10 Home; OS build 19042.1466; Version 2009; 64bit' Language: 'ru' Physical Memory: 8078 MB
BatchMode: 1, IsHumanControllingUs: 0, StartBugReporterOnCrash: 0, Is64bit: 1, IsPro: 0

 COMMAND LINE ARGUMENTS:
C:\Program Files\Unity\Hub\Editor\2020.3.11f1\Editor\Unity.exe
-adb2
-batchMode
-noUpm
-name
AssetImportWorker0
-projectPath
C:/!proga/Unity/Joker 3D
-logFile
Logs/AssetImportWorker0.log
-srvPort
64090
Successfully changed project path to: C:/!proga/Unity/Joker 3D
C:/!proga/Unity/Joker 3D
Using Asset Import Pipeline V2.
Refreshing native plugins compatible for Editor in 126.26 ms, found 2 plugins.
Preloading 0 native plugins for Editor in 0.00 ms.
Initialize engine version: 2020.3.11f1 (99c7afb366b3)
[Subsystems] Discovering subsystems at path C:/Program Files/Unity/Hub/Editor/2020.3.11f1/Editor/Data/Resources/UnitySubsystems
[Subsystems] Discovering subsystems at path C:/!proga/Unity/Joker 3D/Assets
GfxDevice: creating device client; threaded=0
Direct3D:
    Version:  Direct3D 11.0 [level 11.0]
    Renderer: NVIDIA GeForce 920MX (ID=0x134f)
    Vendor:   
    VRAM:     2010 MB
    Driver:   27.21.14.5167
Initialize mono
Mono path[0] = 'C:/Program Files/Unity/Hub/Editor/2020.3.11f1/Editor/Data/Managed'
Mono path[1] = 'C:/Program Files/Unity/Hub/Editor/2020.3.11f1/Editor/Data/MonoBleedingEdge/lib/mono/unityjit'
Mono config path = 'C:/Program Files/Unity/Hub/Editor/2020.3.11f1/Editor/Data/MonoBleedingEdge/etc'
Using monoOptions --debugger-agent=transport=dt_socket,embedding=1,server=y,suspend=n,address=127.0.0.1:56248
Begin MonoManager ReloadAssembly
Registering precompiled unity dll's ...
Register platform support module: C:/Program Files/Unity/Hub/Editor/2020.3.11f1/Editor/Data/PlaybackEngines/WindowsStandaloneSupport/UnityEditor.WindowsStandalone.Extensions.dll
Registered in 0.008766 seconds.
Native extension for WindowsStandalone target not found
Refreshing native plugins compatible for Editor in 91.29 ms, found 2 plugins.
Preloading 0 native plugins for Editor in 0.00 ms.
Mono: successfully reloaded assembly
- Completed reload, in  8.784 seconds
Platform modules already initialized, skipping
Registering precompiled user dll's ...
Registered in 0.051084 seconds.
Begin MonoManager ReloadAssembly
Native extension for WindowsStandalone target not found
Refreshing native plugins compatible for Editor in 0.74 ms, found 2 plugins.
Preloading 0 native plugins for Editor in 0.00 ms.
Mono: successfully reloaded assembly
- Completed reload, in  2.862 seconds
Platform modules already initialized, skipping
========================================================================
Worker process is ready to serve import requests
Launched and connected shader compiler UnityShaderCompiler.exe after 0.09 seconds
Refreshing native plugins compatible for Editor in 0.86 ms, found 2 plugins.
Preloading 0 native plugins for Editor in 0.00 ms.
Unloading 1633 Unused Serialized files (Serialized files now loaded: 0)
System memory in use before: 73.8 MB.
System memory in use after: 73.9 MB.

Unloading 32 unused Assets to reduce memory usage. Loaded Objects now: 2065.
Total: 6.154700 ms (FindLiveObjects: 0.540000 ms CreateObjectMapping: 0.251800 ms MarkObjects: 5.184800 ms  DeleteObjects: 0.142800 ms)

========================================================================
Received Import Request.
  path: Assets/Sprites/Card/K/К10.png
  artifactKey: Guid(b80a677309f1103489a3bb2e97ce0852) Importer(815301076,1909f56bfc062723c751e8b465ee728b)
Start importing Assets/Sprites/Card/K/К10.png using Guid(b80a677309f1103489a3bb2e97ce0852) Importer(815301076,1909f56bfc062723c751e8b465ee728b)  -> (artifact id: '3bb714871d48199fc444df7f12362d0f') in 0.353560 seconds
  Import took 0.364467 seconds .

========================================================================
Received Import Request.
  Time since last request: 0.001114 seconds.
  path: Assets/Sprites/Card/P/P11.png
  artifactKey: Guid(f7ceb4dd7da0866439e96c7d953b22a0) Importer(815301076,1909f56bfc062723c751e8b465ee728b)
Start importing Assets/Sprites/Card/P/P11.png using Guid(f7ceb4dd7da0866439e96c7d953b22a0) Importer(815301076,1909f56bfc062723c751e8b465ee728b)  -> (artifact id: '6ad5bf6ddb8ad4ed8b756b42efcc1618') in 0.037074 seconds
  Import took 0.044404 seconds .

========================================================================
Received Import Request.
  Time since last request: 0.000385 seconds.
  path: Assets/Sprites/Card/P/P7.png
  artifactKey: Guid(f469d5bcbaf7e1e4eae67453092ef9c6) Importer(815301076,1909f56bfc062723c751e8b465ee728b)
Start importing Assets/Sprites/Card/P/P7.png using Guid(f469d5bcbaf7e1e4eae67453092ef9c6) Importer(815301076,1909f56bfc062723c751e8b465ee728b)  -> (artifact id: 'd2b102b36eee6583c86d600b14946c53') in 0.024008 seconds
  Import took 0.030528 seconds .

========================================================================
Received Import Request.
  Time since last request: 0.000402 seconds.
  path: Assets/Sprites/Card/P/P1.png
  artifactKey: Guid(15fea63f6e42840419b27cc8f10fbbc9) Importer(815301076,1909f56bfc062723c751e8b465ee728b)
Start importing Assets/Sprites/Card/P/P1.png using Guid(15fea63f6e42840419b27cc8f10fbbc9) Importer(815301076,1909f56bfc062723c751e8b465ee728b)  -> (artifact id: '45d772b88d5ffde3f3bcee22839e9acb') in 0.031210 seconds
  Import took 0.039818 seconds .

========================================================================
Received Import Request.
  Time since last request: 0.000396 seconds.
  path: Assets/Sprites/Card/P/P9.png
  artifactKey: Guid(05ee613b55b59304386dbc371ad2020c) Importer(815301076,1909f56bfc062723c751e8b465ee728b)
Start importing Assets/Sprites/Card/P/P9.png using Guid(05ee613b55b59304386dbc371ad2020c) Importer(815301076,1909f56bfc062723c751e8b465ee728b)  -> (artifact id: '9e361173218838a6f7ed8e5120961750') in 0.123391 seconds
  Import took 0.142045 seconds .

========================================================================
Received Import Request.
  Time since last request: 0.000383 seconds.
  path: Assets/Sprites/Card/P/P3.png
  artifactKey: Guid(b87a16e5ca10df841a52a35969dec849) Importer(815301076,1909f56bfc062723c751e8b465ee728b)
Start importing Assets/Sprites/Card/P/P3.png using Guid(b87a16e5ca10df841a52a35969dec849) Importer(815301076,1909f56bfc062723c751e8b465ee728b)  -> (artifact id: 'd9749d9d9a43aba22f32a574a56f2d43') in 0.027328 seconds
  Import took 0.036102 seconds .

========================================================================
Received Import Request.
  Time since last request: 0.000338 seconds.
  path: Assets/Sprites/Card/P/P8.png
  artifactKey: Guid(902829ffb71fb994faf3f0cd1611e957) Importer(815301076,1909f56bfc062723c751e8b465ee728b)
Start importing Assets/Sprites/Card/P/P8.png using Guid(902829ffb71fb994faf3f0cd1611e957) Importer(815301076,1909f56bfc062723c751e8b465ee728b)  -> (artifact id: 'c5550780b70fcae987c2a0d09dbda937') in 0.032125 seconds
  Import took 0.039185 seconds .

========================================================================
Received Import Request.
  Time since last request: 0.000386 seconds.
  path: Assets/Sprites/Card/P/P6.png
  artifactKey: Guid(e91c5be6d0f616e4ea40ce6b981bf4e1) Importer(815301076,1909f56bfc062723c751e8b465ee728b)
Start importing Assets/Sprites/Card/P/P6.png using Guid(e91c5be6d0f616e4ea40ce6b981bf4e1) Importer(815301076,1909f56bfc062723c751e8b465ee728b)  -> (artifact id: '6ff83cf9f961982c65db9554b91df6a1') in 0.023591 seconds
  Import took 0.030216 seconds .

========================================================================
Received Import Request.
  Time since last request: 0.000330 seconds.
  path: Assets/Sprites/Card/P/P5.png
  artifactKey: Guid(dc5faa8cffa75bd4f921805ca0a5aed6) Importer(815301076,1909f56bfc062723c751e8b465ee728b)
Start importing Assets/Sprites/Card/P/P5.png using Guid(dc5faa8cffa75bd4f921805ca0a5aed6) Importer(815301076,1909f56bfc062723c751e8b465ee728b)  -> (artifact id: 'eb82011dfc0476695e2c31a6a266296c') in 0.022413 seconds
  Import took 0.030019 seconds .

========================================================================
Received Import Request.
  Time since last request: 0.000429 seconds.
  path: Assets/Sprites/Card/K/К1.png
  artifactKey: Guid(057841c0b953f42448b8ca241baf1860) Importer(815301076,1909f56bfc062723c751e8b465ee728b)
Start importing Assets/Sprites/Card/K/К1.png using Guid(057841c0b953f42448b8ca241baf1860) Importer(815301076,1909f56bfc062723c751e8b465ee728b)  -> (artifact id: '4164e996c117936f554e8b8a35b3e91f') in 0.029263 seconds
  Import took 0.038001 seconds .

========================================================================
Received Import Request.
  Time since last request: 0.000391 seconds.
  path: Assets/Sprites/Card/K/К4.png
  artifactKey: Guid(3d3994aec002d604b88131b2b8ab3c41) Importer(815301076,1909f56bfc062723c751e8b465ee728b)
Start importing Assets/Sprites/Card/K/К4.png using Guid(3d3994aec002d604b88131b2b8ab3c41) Importer(815301076,1909f56bfc062723c751e8b465ee728b)  -> (artifact id: 'fbc616e0821013638b376bf778f22f15') in 0.032696 seconds
  Import took 0.042963 seconds .

========================================================================
Received Import Request.
  Time since last request: 0.000360 seconds.
  path: Assets/Sprites/Card/K/К9.png
  artifactKey: Guid(bd6575c145229bb47a445348df8001a5) Importer(815301076,1909f56bfc062723c751e8b465ee728b)
Start importing Assets/Sprites/Card/K/К9.png using Guid(bd6575c145229bb47a445348df8001a5) Importer(815301076,1909f56bfc062723c751e8b465ee728b)  -> (artifact id: '40e4e59887ef3eca30aa563318608177') in 0.030267 seconds
  Import took 0.038264 seconds .

========================================================================
Received Import Request.
  Time since last request: 0.000406 seconds.
  path: Assets/Sprites/Card/P/P12.png
  artifactKey: Guid(bf6e730ac09daf64fad4fa5981b1389e) Importer(815301076,1909f56bfc062723c751e8b465ee728b)
Start importing Assets/Sprites/Card/P/P12.png using Guid(bf6e730ac09daf64fad4fa5981b1389e) Importer(815301076,1909f56bfc062723c751e8b465ee728b)  -> (artifact id: '2a7c3c1304666a241529ec18faa2cc3b') in 0.036801 seconds
  Import took 0.047316 seconds .

========================================================================
Received Import Request.
  Time since last request: 0.000594 seconds.
  path: Assets/Sprites/Card/K/К6.png
  artifactKey: Guid(203d5f33cf7e7124c82cae6dae64a865) Importer(815301076,1909f56bfc062723c751e8b465ee728b)
Start importing Assets/Sprites/Card/K/К6.png using Guid(203d5f33cf7e7124c82cae6dae64a865) Importer(815301076,1909f56bfc062723c751e8b465ee728b)  -> (artifact id: 'ad8bca2ab4c8ace49000217cd7173dda') in 0.031277 seconds
  Import took 0.039414 seconds .

========================================================================
Received Import Request.
  Time since last request: 0.000336 seconds.
  path: Assets/Sprites/Card/K/К2.png
  artifactKey: Guid(49067be4dee1f814a95f95a9f1aca7b2) Importer(815301076,1909f56bfc062723c751e8b465ee728b)
Start importing Assets/Sprites/Card/K/К2.png using Guid(49067be4dee1f814a95f95a9f1aca7b2) Importer(815301076,1909f56bfc062723c751e8b465ee728b)  -> (artifact id: '4d2e3bcf2f59e79884624a3e41df570b') in 0.023765 seconds
  Import took 0.029839 seconds .

========================================================================
Received Import Request.
  Time since last request: 0.000331 seconds.
  path: Assets/Sprites/Card/K/К11.png
  artifactKey: Guid(66e716cfab2078046bb03cd5356b75e0) Importer(815301076,1909f56bfc062723c751e8b465ee728b)
Start importing Assets/Sprites/Card/K/К11.png using Guid(66e716cfab2078046bb03cd5356b75e0) Importer(815301076,1909f56bfc062723c751e8b465ee728b)  -> (artifact id: '9de80540a9902c075bfaee3b006886f9') in 0.031620 seconds
  Import took 0.037977 seconds .

========================================================================
Received Import Request.
  Time since last request: 0.000407 seconds.
  path: Assets/Sprites/Card/P/P4.png
  artifactKey: Guid(d87cc175a5c4f6240b5b90c0f984e2a1) Importer(815301076,1909f56bfc062723c751e8b465ee728b)
Start importing Assets/Sprites/Card/P/P4.png using Guid(d87cc175a5c4f6240b5b90c0f984e2a1) Importer(815301076,1909f56bfc062723c751e8b465ee728b)  -> (artifact id: '505f5e5b7faf80f85e5a4ee9d6bfc7ed') in 0.025857 seconds
  Import took 0.032903 seconds .

========================================================================
Received Import Request.
  Time since last request: 0.000344 seconds.
  path: Assets/Sprites/Card/P/P13.png
  artifactKey: Guid(925e03fd46caf8d4db9e75ac9f5755c1) Importer(815301076,1909f56bfc062723c751e8b465ee728b)
Start importing Assets/Sprites/Card/P/P13.png using Guid(925e03fd46caf8d4db9e75ac9f5755c1) Importer(815301076,1909f56bfc062723c751e8b465ee728b)  -> (artifact id: 'c62f80e16a84905ae0fff49d73acdc31') in 0.029169 seconds
  Import took 0.034969 seconds .

========================================================================
Received Import Request.
  Time since last request: 0.000407 seconds.
  path: Assets/Sprites/Card/P/P10.png
  artifactKey: Guid(4ea2eed4d76de1741be6fd115478d8e4) Importer(815301076,1909f56bfc062723c751e8b465ee728b)
Start importing Assets/Sprites/Card/P/P10.png using Guid(4ea2eed4d76de1741be6fd115478d8e4) Importer(815301076,1909f56bfc062723c751e8b465ee728b)  -> (artifact id: '988243d476b4b28d1bd47ee16390b740') in 0.026395 seconds
  Import took 0.032731 seconds .

========================================================================
Received Import Request.
  Time since last request: 0.000332 seconds.
  path: Assets/Sprites/Card/K/К7.png
  artifactKey: Guid(1d567d83f15eeef45b30ee73832c7493) Importer(815301076,1909f56bfc062723c751e8b465ee728b)
Start importing Assets/Sprites/Card/K/К7.png using Guid(1d567d83f15eeef45b30ee73832c7493) Importer(815301076,1909f56bfc062723c751e8b465ee728b)  -> (artifact id: '6b77aa6952ad772aa2f86b3ab0179b3b') in 0.023249 seconds
  Import took 0.029646 seconds .

========================================================================
Received Import Request.
  Time since last request: 0.000373 seconds.
  path: Assets/Sprites/Card/K/К5.png
  artifactKey: Guid(d2320ea0695def445b533c7af14a2268) Importer(815301076,1909f56bfc062723c751e8b465ee728b)
Start importing Assets/Sprites/Card/K/К5.png using Guid(d2320ea0695def445b533c7af14a2268) Importer(815301076,1909f56bfc062723c751e8b465ee728b)  -> (artifact id: '1b45203919ab381410bcff5039da9c8f') in 0.023298 seconds
  Import took 0.030198 seconds .

========================================================================
Received Import Request.
  Time since last request: 0.000416 seconds.
  path: Assets/Sprites/Card/P/P2.png
  artifactKey: Guid(fc1cdba3390e7ac4c962b397206d59bc) Importer(815301076,1909f56bfc062723c751e8b465ee728b)
Start importing Assets/Sprites/Card/P/P2.png using Guid(fc1cdba3390e7ac4c962b397206d59bc) Importer(815301076,1909f56bfc062723c751e8b465ee728b)  -> (artifact id: '4519977c16fe2d17362a35d3b96aa259') in 0.028224 seconds
  Import took 0.037199 seconds .

========================================================================
Received Import Request.
  Time since last request: 0.000474 seconds.
  path: Assets/Sprites/Card/K/К12.png
  artifactKey: Guid(91f50992ad07f594fa5d89ee99f05690) Importer(815301076,1909f56bfc062723c751e8b465ee728b)
Start importing Assets/Sprites/Card/K/К12.png using Guid(91f50992ad07f594fa5d89ee99f05690) Importer(815301076,1909f56bfc062723c751e8b465ee728b)  -> (artifact id: '7cd90caae72dcc763da040a4ba9dc46c') in 0.032026 seconds
  Import took 0.042717 seconds .

========================================================================
Received Import Request.
  Time since last request: 0.000670 seconds.
  path: Assets/Sprites/Card/K/К13.png
  artifactKey: Guid(0605d9d57c8e9b343be0203a0268581d) Importer(815301076,1909f56bfc062723c751e8b465ee728b)
Start importing Assets/Sprites/Card/K/К13.png using Guid(0605d9d57c8e9b343be0203a0268581d) Importer(815301076,1909f56bfc062723c751e8b465ee728b)  -> (artifact id: 'd0fdf614c17f0991f7261856031b2027') in 0.034280 seconds
  Import took 0.044311 seconds .

========================================================================
Received Import Request.
  Time since last request: 0.000407 seconds.
  path: Assets/Sprites/Card/K/К8.png
  artifactKey: Guid(706dc996b5022774aad46a8a72eccea3) Importer(815301076,1909f56bfc062723c751e8b465ee728b)
Start importing Assets/Sprites/Card/K/К8.png using Guid(706dc996b5022774aad46a8a72eccea3) Importer(815301076,1909f56bfc062723c751e8b465ee728b)  -> (artifact id: '0ab969e5c8fe1927b84019d6d21372b1') in 0.031490 seconds
  Import took 0.041084 seconds .

========================================================================
Received Import Request.
  Time since last request: 0.000343 seconds.
  path: Assets/Sprites/Card/K/К3.png
  artifactKey: Guid(578724a659071c4448e894e0e3af4f4f) Importer(815301076,1909f56bfc062723c751e8b465ee728b)
Start importing Assets/Sprites/Card/K/К3.png using Guid(578724a659071c4448e894e0e3af4f4f) Importer(815301076,1909f56bfc062723c751e8b465ee728b)  -> (artifact id: 'de4c8d2dde4f54395872cdcc99f13127') in 0.025333 seconds
  Import took 0.032804 seconds .

========================================================================
Received Import Request.
  Time since last request: 39.981252 seconds.
  path: Assets/Prefabs/Card.prefab
  artifactKey: Guid(4e260071c902e7a40852cb19a2139179) Importer(815301076,1909f56bfc062723c751e8b465ee728b)
Start importing Assets/Prefabs/Card.prefab using Guid(4e260071c902e7a40852cb19a2139179) Importer(815301076,1909f56bfc062723c751e8b465ee728b)  -> (artifact id: 'b0bd46c9ea6dc5489f2084a639630899') in 0.135996 seconds
  Import took 0.142669 seconds .

========================================================================
Received Import Request.
  Time since last request: 11.317685 seconds.
  path: Assets/Prefabs/Card.prefab
  artifactKey: Guid(4e260071c902e7a40852cb19a2139179) Importer(815301076,1909f56bfc062723c751e8b465ee728b)
Start importing Assets/Prefabs/Card.prefab using Guid(4e260071c902e7a40852cb19a2139179) Importer(815301076,1909f56bfc062723c751e8b465ee728b)  -> (artifact id: '0296055fbb7b99c82a6b103f4f3ab392') in 0.046696 seconds
  Import took 0.053223 seconds .

========================================================================
Received Prepare
Registering precompiled user dll's ...
Registered in 0.024384 seconds.
Begin MonoManager ReloadAssembly
Native extension for WindowsStandalone target not found
Refreshing native plugins compatible for Editor in 1.33 ms, found 2 plugins.
Preloading 0 native plugins for Editor in 0.00 ms.
Mono: successfully reloaded assembly
- Completed reload, in  3.101 seconds
Platform modules already initialized, skipping
Switching build target platform(19) subTarget(0) extendedPlatform(0) -> platform(13) subTarget(537395200) extendedPlatform(0)
Refreshing native plugins compatible for Editor in 1.52 ms, found 2 plugins.
Preloading 0 native plugins for Editor in 0.00 ms.
Unloading 1630 Unused Serialized files (Serialized files now loaded: 0)
System memory in use before: 76.8 MB.
System memory in use after: 76.9 MB.

Unloading 27 unused Assets to reduce memory usage. Loaded Objects now: 2082.
Total: 4.877800 ms (FindLiveObjects: 0.282100 ms CreateObjectMapping: 0.101900 ms MarkObjects: 4.359300 ms  DeleteObjects: 0.132000 ms)

AssetImportParameters requested are different than current active one (requested -> active):
  custom:graphics/normal-map-encoding: 01000000000000000000000000000000 -> 02000000000000000000000000000000
========================================================================
Received Prepare
Registering precompiled user dll's ...
Registered in 0.028248 seconds.
Begin MonoManager ReloadAssembly
Native extension for WindowsStandalone target not found
Refreshing native plugins compatible for Editor in 0.80 ms, found 2 plugins.
Preloading 0 native plugins for Editor in 0.00 ms.
Mono: successfully reloaded assembly
- Completed reload, in  2.801 seconds
Platform modules already initialized, skipping
Refreshing native plugins compatible for Editor in 1.27 ms, found 2 plugins.
Preloading 0 native plugins for Editor in 0.00 ms.
Unloading 1626 Unused Serialized files (Serialized files now loaded: 0)
System memory in use before: 77.1 MB.
System memory in use after: 77.1 MB.

Unloading 26 unused Assets to reduce memory usage. Loaded Objects now: 2086.
Total: 7.203900 ms (FindLiveObjects: 0.524000 ms CreateObjectMapping: 0.225900 ms MarkObjects: 6.283400 ms  DeleteObjects: 0.167300 ms)

========================================================================
Received Prepare
Refreshing native plugins compatible for Editor in 11.58 ms, found 2 plugins.
Preloading 0 native plugins for Editor in 0.00 ms.
Unloading 24 Unused Serialized files (Serialized files now loaded: 0)
System memory in use before: 45.4 MB.
System memory in use after: 45.5 MB.

Unloading 24 unused Assets to reduce memory usage. Loaded Objects now: 2086.
Total: 3.939800 ms (FindLiveObjects: 0.301600 ms CreateObjectMapping: 0.120600 ms MarkObjects: 3.426100 ms  DeleteObjects: 0.089900 ms)

========================================================================
Received Prepare
Refreshing native plugins compatible for Editor in 11.38 ms, found 2 plugins.
Preloading 0 native plugins for Editor in 0.00 ms.
Unloading 24 Unused Serialized files (Serialized files now loaded: 0)
System memory in use before: 45.4 MB.
System memory in use after: 45.5 MB.

Unloading 24 unused Assets to reduce memory usage. Loaded Objects now: 2086.
Total: 4.057400 ms (FindLiveObjects: 0.415100 ms CreateObjectMapping: 0.184000 ms MarkObjects: 3.364700 ms  DeleteObjects: 0.091500 ms)

========================================================================
Received Prepare
Refreshing native plugins compatible for Editor in 16.83 ms, found 2 plugins.
Preloading 0 native plugins for Editor in 0.00 ms.
Unloading 24 Unused Serialized files (Serialized files now loaded: 0)
System memory in use before: 45.4 MB.
System memory in use after: 45.5 MB.

Unloading 24 unused Assets to reduce memory usage. Loaded Objects now: 2086.
Total: 7.448600 ms (FindLiveObjects: 0.265500 ms CreateObjectMapping: 0.103800 ms MarkObjects: 6.944400 ms  DeleteObjects: 0.132600 ms)

========================================================================
Received Prepare
Refreshing native plugins compatible for Editor in 9.97 ms, found 2 plugins.
Preloading 0 native plugins for Editor in 0.00 ms.
Unloading 24 Unused Serialized files (Serialized files now loaded: 0)
System memory in use before: 45.4 MB.
System memory in use after: 45.5 MB.

Unloading 24 unused Assets to reduce memory usage. Loaded Objects now: 2086.
Total: 4.638600 ms (FindLiveObjects: 0.254000 ms CreateObjectMapping: 0.096200 ms MarkObjects: 4.175200 ms  DeleteObjects: 0.111400 ms)

========================================================================
Received Prepare
Refreshing native plugins compatible for Editor in 11.22 ms, found 2 plugins.
Preloading 0 native plugins for Editor in 0.00 ms.
Unloading 24 Unused Serialized files (Serialized files now loaded: 0)
System memory in use before: 45.4 MB.
System memory in use after: 45.5 MB.

Unloading 24 unused Assets to reduce memory usage. Loaded Objects now: 2086.
Total: 3.789000 ms (FindLiveObjects: 0.229700 ms CreateObjectMapping: 0.125600 ms MarkObjects: 3.342400 ms  DeleteObjects: 0.088600 ms)

========================================================================
Received Prepare
Registering precompiled user dll's ...
Registered in 0.013936 seconds.
Begin MonoManager ReloadAssembly
Native extension for WindowsStandalone target not found
Refreshing native plugins compatible for Editor in 1.48 ms, found 2 plugins.
Preloading 0 native plugins for Editor in 0.00 ms.
Mono: successfully reloaded assembly
- Completed reload, in  2.939 seconds
Platform modules already initialized, skipping
Refreshing native plugins compatible for Editor in 0.83 ms, found 2 plugins.
Preloading 0 native plugins for Editor in 0.00 ms.
Unloading 1626 Unused Serialized files (Serialized files now loaded: 0)
System memory in use before: 77.1 MB.
System memory in use after: 77.2 MB.

Unloading 26 unused Assets to reduce memory usage. Loaded Objects now: 2090.
Total: 4.742800 ms (FindLiveObjects: 0.456800 ms CreateObjectMapping: 0.198800 ms MarkObjects: 3.981300 ms  DeleteObjects: 0.100300 ms)

========================================================================
Received Prepare
Registering precompiled user dll's ...
Registered in 0.022821 seconds.
Begin MonoManager ReloadAssembly
Native extension for WindowsStandalone target not found
Refreshing native plugins compatible for Editor in 1.30 ms, found 2 plugins.
Preloading 0 native plugins for Editor in 0.00 ms.
Mono: successfully reloaded assembly
- Completed reload, in  2.669 seconds
Platform modules already initialized, skipping
Refreshing native plugins compatible for Editor in 1.25 ms, found 2 plugins.
Preloading 0 native plugins for Editor in 0.00 ms.
Unloading 1626 Unused Serialized files (Serialized files now loaded: 0)
System memory in use before: 77.1 MB.
System memory in use after: 77.2 MB.

Unloading 26 unused Assets to reduce memory usage. Loaded Objects now: 2094.
Total: 3.470200 ms (FindLiveObjects: 0.248600 ms CreateObjectMapping: 0.094900 ms MarkObjects: 3.031900 ms  DeleteObjects: 0.092500 ms)

AssetImportWorkerClient::OnTransportError - code=2 error=End of file
